<?xml version="1.0" encoding="UTF-8"?>
<!-- Generated by org.testng.reporters.JUnitXMLReporter -->
<testsuite ignored="0" hostname="SHUBHSAR01" failures="0" tests="5" name="Test" time="47.158" errors="0" timestamp="2025-05-19T15:51:34 IST">
  <testcase classname="testCases.TC002_Loginaccount" name="Loginaccount" time="8.578"/>
  <testcase classname="testCases.TC002_Loginaccount" name="Loginaccount" time="7.137"/>
  <testcase classname="testCases.TC002_Loginaccount" name="Loginaccount" time="1.374"/>
  <testcase classname="testCases.TC002_Loginaccount" name="Loginaccount" time="5.552"/>
  <testcase classname="testCases.TC002_Loginaccount" name="Loginaccount" time="6.911"/>
</testsuite> <!-- Test -->
