<?xml version="1.0" encoding="UTF-8"?>
<!-- Generated by org.testng.reporters.JUnitXMLReporter -->
<testsuite ignored="0" hostname="SHUBHSAR01" failures="1" tests="3" name="Test" time="24.347" errors="0" timestamp="2025-05-08T00:55:33 IST">
  <testcase classname="testCases.TC002_Loginaccount" name="Loginaccount" time="4.067"/>
  <testcase classname="testCases.TC002_Loginaccount" name="Loginaccount" time="3.101"/>
  <testcase classname="testCases.TC002_Loginaccount" name="Loginaccount" time="0.744">
    <failure type="java.lang.IllegalArgumentException" message="Keys to send should be a not null CharSequence">
      <![CDATA[java.lang.IllegalArgumentException: Keys to send should be a not null CharSequence
at org.openqa.selenium.remote.RemoteWebElement.sendKeys(RemoteWebElement.java:96)
at org.openqa.selenium.support.pagefactory.internal.LocatingElementHandler.invoke(LocatingElementHandler.java:51)
at jdk.proxy2/jdk.proxy2.$Proxy17.sendKeys(Unknown Source)
at PageObjects.LoginPage.emailinput(LoginPage.java:30)
at testCases.TC002_Loginaccount.Loginaccount(TC002_Loginaccount.java:25)
at java.base/java.util.ArrayList.forEach(ArrayList.java:1511)
... Removed 31 stack frames]]>
    </failure>
  </testcase> <!-- Loginaccount -->
</testsuite> <!-- Test -->
