<?xml version="1.0" encoding="UTF-8"?>
<testng-results ignored="0" total="5" passed="5" failed="0" skipped="0">
  <reporter-output>
  </reporter-output>
  <suite started-at="2025-05-07T20:45:25 IST" name="Suite" finished-at="2025-05-07T20:46:07 IST" duration-ms="41282">
    <groups>
    </groups>
    <test started-at="2025-05-07T20:45:25 IST" name="Test" finished-at="2025-05-07T20:46:07 IST" duration-ms="41282">
      <class name="testCases.TC001_Registeraccount">
        <test-method is-config="true" signature="setup(java.lang.String)[pri:0, instance:testCases.TC001_Registeraccount@4681c175]" started-at="2025-05-07T20:45:25 IST" name="setup" finished-at="2025-05-07T20:45:34 IST" duration-ms="8578" status="PASS">
          <params>
            <param index="0">
              <value>
                <![CDATA[chrome]]>
              </value>
            </param>
          </params>
          <reporter-output>
          </reporter-output>
        </test-method> <!-- setup -->
        <test-method is-config="true" signature="excelwrite()[pri:0, instance:testCases.TC001_Registeraccount@4681c175]" started-at="2025-05-07T20:45:34 IST" name="excelwrite" finished-at="2025-05-07T20:45:35 IST" duration-ms="1120" status="PASS">
          <reporter-output>
          </reporter-output>
        </test-method> <!-- excelwrite -->
        <test-method signature="Register()[pri:0, instance:testCases.TC001_Registeraccount@4681c175]" started-at="2025-05-07T20:45:35 IST" name="Register" finished-at="2025-05-07T20:45:43 IST" duration-ms="7446" status="PASS">
          <reporter-output>
          </reporter-output>
        </test-method> <!-- Register -->
        <test-method signature="Register()[pri:0, instance:testCases.TC001_Registeraccount@4681c175]" started-at="2025-05-07T20:45:43 IST" name="Register" finished-at="2025-05-07T20:45:49 IST" duration-ms="6527" status="PASS">
          <reporter-output>
          </reporter-output>
        </test-method> <!-- Register -->
        <test-method signature="Register()[pri:0, instance:testCases.TC001_Registeraccount@4681c175]" started-at="2025-05-07T20:45:49 IST" name="Register" finished-at="2025-05-07T20:45:55 IST" duration-ms="5717" status="PASS">
          <reporter-output>
          </reporter-output>
        </test-method> <!-- Register -->
        <test-method signature="Register()[pri:0, instance:testCases.TC001_Registeraccount@4681c175]" started-at="2025-05-07T20:45:55 IST" name="Register" finished-at="2025-05-07T20:46:00 IST" duration-ms="5641" status="PASS">
          <reporter-output>
          </reporter-output>
        </test-method> <!-- Register -->
        <test-method signature="Register()[pri:0, instance:testCases.TC001_Registeraccount@4681c175]" started-at="2025-05-07T20:46:00 IST" name="Register" finished-at="2025-05-07T20:46:06 IST" duration-ms="5667" status="PASS">
          <reporter-output>
          </reporter-output>
        </test-method> <!-- Register -->
        <test-method is-config="true" signature="closeexcel()[pri:0, instance:testCases.TC001_Registeraccount@4681c175]" started-at="2025-05-07T20:46:06 IST" name="closeexcel" finished-at="2025-05-07T20:46:06 IST" duration-ms="226" status="PASS">
          <reporter-output>
          </reporter-output>
        </test-method> <!-- closeexcel -->
        <test-method is-config="true" signature="teardown()[pri:0, instance:testCases.TC001_Registeraccount@4681c175]" started-at="2025-05-07T20:46:06 IST" name="teardown" finished-at="2025-05-07T20:46:07 IST" duration-ms="267" status="PASS">
          <reporter-output>
          </reporter-output>
        </test-method> <!-- teardown -->
      </class> <!-- testCases.TC001_Registeraccount -->
    </test> <!-- Test -->
  </suite> <!-- Suite -->
</testng-results>
